2025-11-06 14:47:30,561 [Worker-6: Loading available Gradle versions] INFO  o.e.b.c.i.u.g.PublishedGradleVersions - Gradle version information cache is not available. Remote download required.
2025-11-07 14:00:40,448 [Worker-4: Loading available Gradle versions] INFO  o.e.b.c.i.u.g.PublishedGradleVersions - Gradle version information cache is up-to-date. Trying to read.
2025-11-10 13:40:23,153 [Worker-5: Loading available Gradle versions] INFO  o.e.b.c.i.u.g.PublishedGradleVersions - Gradle version information cache is out-of-date. Trying to update.
2025-11-11 14:18:11,972 [Worker-1: Loading available Gradle versions] INFO  o.e.b.c.i.u.g.PublishedGradleVersions - Gradle version information cache is out-of-date. Trying to update.
2025-11-12 14:15:30,711 [Worker-4: Loading available Gradle versions] INFO  o.e.b.c.i.u.g.PublishedGradleVersions - Gradle version information cache is up-to-date. Trying to read.
2025-11-13 13:59:25,467 [Worker-1: Loading available Gradle versions] INFO  o.e.b.c.i.u.g.PublishedGradleVersions - Gradle version information cache is out-of-date. Trying to update.
2025-11-14 13:56:30,417 [Worker-9: Loading available Gradle versions] INFO  o.e.b.c.i.u.g.PublishedGradleVersions - Gradle version information cache is up-to-date. Trying to read.
2025-11-17 14:48:12,340 [Worker-8: Loading available Gradle versions] INFO  o.e.b.c.i.u.g.PublishedGradleVersions - Gradle version information cache is out-of-date. Trying to update.
2025-11-17 15:09:20,230 [Worker-1: Loading available Gradle versions] INFO  o.e.b.c.i.u.g.PublishedGradleVersions - Gradle version information cache is up-to-date. Trying to read.
2025-11-18 14:17:50,885 [Worker-2: Loading available Gradle versions] INFO  o.e.b.c.i.u.g.PublishedGradleVersions - Gradle version information cache is up-to-date. Trying to read.
2025-11-19 14:01:17,763 [Worker-6: Loading available Gradle versions] INFO  o.e.b.c.i.u.g.PublishedGradleVersions - Gradle version information cache is out-of-date. Trying to update.
2025-11-20 14:14:54,622 [Worker-11: Loading available Gradle versions] INFO  o.e.b.c.i.u.g.PublishedGradleVersions - Gradle version information cache is out-of-date. Trying to update.
2025-11-21 14:11:48,613 [Worker-3: Loading available Gradle versions] INFO  o.e.b.c.i.u.g.PublishedGradleVersions - Gradle version information cache is up-to-date. Trying to read.
2025-11-25 15:13:09,195 [Worker-5: Loading available Gradle versions] INFO  o.e.b.c.i.u.g.PublishedGradleVersions - Gradle version information cache is out-of-date. Trying to update.
2025-11-26 14:08:18,454 [Worker-2: Loading available Gradle versions] INFO  o.e.b.c.i.u.g.PublishedGradleVersions - Gradle version information cache is up-to-date. Trying to read.
2025-12-10 15:09:08,319 [Worker-1: Loading available Gradle versions] INFO  o.e.b.c.i.u.g.PublishedGradleVersions - Gradle version information cache is out-of-date. Trying to update.
2025-12-10 15:11:02,290 [Worker-9: Importing Maven projects] INFO  o.e.m.c.i.l.LifecycleMappingFactory - Using org.eclipse.m2e.jdt.JarLifecycleMapping lifecycle mapping for MavenProject: com.excelR:jdbc_project:1.0-SNAPSHOT @ C:\Users\excel\OneDrive\Desktop\september_offline\backend\jdbc_project\pom.xml.
2025-12-10 15:11:05,669 [Worker-9: Importing Maven projects] INFO  o.e.m.j.i.AbstractJavaProjectConfigurator - Adding source folder /jdbc_project/src/main/java
2025-12-10 15:11:05,674 [Worker-9: Importing Maven projects] INFO  o.e.m.j.i.AbstractJavaProjectConfigurator - Adding resource folder /jdbc_project/src/main/resources
2025-12-10 15:11:05,719 [Worker-9: Importing Maven projects] INFO  o.e.m.j.i.AbstractJavaProjectConfigurator - Adding source folder /jdbc_project/src/test/java
2025-12-10 15:11:05,721 [Worker-9: Importing Maven projects] INFO  o.e.m.j.i.AbstractJavaProjectConfigurator - Adding resource folder /jdbc_project/src/test/resources
2025-12-10 15:11:05,722 [Worker-9: Importing Maven projects] ERROR o.e.m.j.i.AbstractJavaProjectConfigurator - Failed to find a compatible VM for environment id 'JavaSE-23', falling back to workspace default
2025-12-10 15:11:06,197 [Worker-9: Importing Maven projects] INFO  o.e.m.c.i.p.ProjectConfigurationManager - Imported and configured 1 project(s) in 7 sec
2025-12-10 15:11:07,425 [Worker-29: Building] INFO  o.a.m.s.f.DefaultMavenResourcesFiltering - Copying 0 resource from src\main\resources to target\classes
2025-12-10 15:11:07,437 [Worker-29: Building] INFO  o.a.m.s.f.DefaultMavenResourcesFiltering - skip non existing resourceDirectory C:\Users\excel\OneDrive\Desktop\september_offline\backend\jdbc_project\src\test\resources
2025-12-10 15:18:28,815 [Worker-37: Building] INFO  o.e.m.c.i.l.LifecycleMappingFactory - Using org.eclipse.m2e.jdt.JarLifecycleMapping lifecycle mapping for MavenProject: com.excelR:jdbc_project:1.0-SNAPSHOT @ C:\Users\excel\OneDrive\Desktop\september_offline\backend\jdbc_project\pom.xml.
2025-12-10 15:18:29,250 [Worker-37: Building] INFO  o.a.m.s.f.DefaultMavenResourcesFiltering - Copying 0 resource from src\main\resources to target\classes
2025-12-10 15:18:29,263 [Worker-37: Building] INFO  o.a.m.s.f.DefaultMavenResourcesFiltering - skip non existing resourceDirectory C:\Users\excel\OneDrive\Desktop\september_offline\backend\jdbc_project\src\test\resources
2025-12-10 15:18:49,731 [Worker-35: Building] INFO  o.e.m.c.i.l.LifecycleMappingFactory - Using org.eclipse.m2e.jdt.JarLifecycleMapping lifecycle mapping for MavenProject: com.excelR:jdbc_project:1.0-SNAPSHOT @ C:\Users\excel\OneDrive\Desktop\september_offline\backend\jdbc_project\pom.xml.
2025-12-10 15:18:49,938 [Worker-35: Building] INFO  o.a.m.s.f.DefaultMavenResourcesFiltering - Copying 0 resource from src\main\resources to target\classes
2025-12-10 15:18:49,942 [Worker-35: Building] INFO  o.a.m.s.f.DefaultMavenResourcesFiltering - skip non existing resourceDirectory C:\Users\excel\OneDrive\Desktop\september_offline\backend\jdbc_project\src\test\resources
2025-12-10 15:18:51,084 [Worker-35: Building] INFO  o.a.m.s.f.DefaultMavenResourcesFiltering - Copying 0 resource from src\main\resources to target\classes
2025-12-10 15:18:51,096 [Worker-35: Building] INFO  o.a.m.s.f.DefaultMavenResourcesFiltering - skip non existing resourceDirectory C:\Users\excel\OneDrive\Desktop\september_offline\backend\jdbc_project\src\test\resources
2025-12-10 15:20:00,279 [Worker-38: Launching Executing clean in C__Users_excel_OneDrive_Desktop_september_offline_backend_jdbc_project] INFO  o.eclipse.m2e.core.internal.Bundles - getClasspathEntries(Bundle=org.eclipse.m2e.maven.runtime_3.9.900.20240824-1409 [641])
2025-12-10 15:20:00,282 [Worker-38: Launching Executing clean in C__Users_excel_OneDrive_Desktop_september_offline_backend_jdbc_project] INFO  o.eclipse.m2e.core.internal.Bundles - 	Entry: C:\Users\excel\Downloads\eclipse-jee-2024-12-R-win32-x86_64\eclipse\plugins\org.eclipse.m2e.maven.runtime_3.9.900.20240824-1409
2025-12-10 15:20:00,283 [Worker-38: Launching Executing clean in C__Users_excel_OneDrive_Desktop_september_offline_backend_jdbc_project] INFO  o.eclipse.m2e.core.internal.Bundles - 	Entry: C:\Users\excel\Downloads\eclipse-jee-2024-12-R-win32-x86_64\eclipse\plugins\org.eclipse.m2e.maven.runtime_3.9.900.20240824-1409\jars\aopalliance-1.0.jar
2025-12-10 15:20:00,283 [Worker-38: Launching Executing clean in C__Users_excel_OneDrive_Desktop_september_offline_backend_jdbc_project] INFO  o.eclipse.m2e.core.internal.Bundles - 	Entry: C:\Users\excel\Downloads\eclipse-jee-2024-12-R-win32-x86_64\eclipse\plugins\org.eclipse.m2e.maven.runtime_3.9.900.20240824-1409\jars\guice-5.1.0.jar
2025-12-10 15:20:00,283 [Worker-38: Launching Executing clean in C__Users_excel_OneDrive_Desktop_september_offline_backend_jdbc_project] INFO  o.eclipse.m2e.core.internal.Bundles - 	Entry: C:\Users\excel\Downloads\eclipse-jee-2024-12-R-win32-x86_64\eclipse\plugins\org.eclipse.m2e.maven.runtime_3.9.900.20240824-1409\jars\httpclient-4.5.14.jar
2025-12-10 15:20:00,283 [Worker-38: Launching Executing clean in C__Users_excel_OneDrive_Desktop_september_offline_backend_jdbc_project] INFO  o.eclipse.m2e.core.internal.Bundles - 	Entry: C:\Users\excel\Downloads\eclipse-jee-2024-12-R-win32-x86_64\eclipse\plugins\org.eclipse.m2e.maven.runtime_3.9.900.20240824-1409\jars\httpcore-4.4.16.jar
2025-12-10 15:20:00,284 [Worker-38: Launching Executing clean in C__Users_excel_OneDrive_Desktop_september_offline_backend_jdbc_project] INFO  o.eclipse.m2e.core.internal.Bundles - 	Entry: C:\Users\excel\Downloads\eclipse-jee-2024-12-R-win32-x86_64\eclipse\plugins\org.eclipse.m2e.maven.runtime_3.9.900.20240824-1409\jars\jansi-2.4.1.jar
2025-12-10 15:20:00,284 [Worker-38: Launching Executing clean in C__Users_excel_OneDrive_Desktop_september_offline_backend_jdbc_project] INFO  o.eclipse.m2e.core.internal.Bundles - 	Entry: C:\Users\excel\Downloads\eclipse-jee-2024-12-R-win32-x86_64\eclipse\plugins\org.eclipse.m2e.maven.runtime_3.9.900.20240824-1409\jars\jcl-over-slf4j-1.7.36.jar
2025-12-10 15:20:00,285 [Worker-38: Launching Executing clean in C__Users_excel_OneDrive_Desktop_september_offline_backend_jdbc_project] INFO  o.eclipse.m2e.core.internal.Bundles - 	Entry: C:\Users\excel\Downloads\eclipse-jee-2024-12-R-win32-x86_64\eclipse\plugins\org.eclipse.m2e.maven.runtime_3.9.900.20240824-1409\jars\maven-artifact-3.9.9.jar
2025-12-10 15:20:00,285 [Worker-38: Launching Executing clean in C__Users_excel_OneDrive_Desktop_september_offline_backend_jdbc_project] INFO  o.eclipse.m2e.core.internal.Bundles - 	Entry: C:\Users\excel\Downloads\eclipse-jee-2024-12-R-win32-x86_64\eclipse\plugins\org.eclipse.m2e.maven.runtime_3.9.900.20240824-1409\jars\maven-builder-support-3.9.9.jar
2025-12-10 15:20:00,285 [Worker-38: Launching Executing clean in C__Users_excel_OneDrive_Desktop_september_offline_backend_jdbc_project] INFO  o.eclipse.m2e.core.internal.Bundles - 	Entry: C:\Users\excel\Downloads\eclipse-jee-2024-12-R-win32-x86_64\eclipse\plugins\org.eclipse.m2e.maven.runtime_3.9.900.20240824-1409\jars\maven-compat-3.9.9.jar
2025-12-10 15:20:00,286 [Worker-38: Launching Executing clean in C__Users_excel_OneDrive_Desktop_september_offline_backend_jdbc_project] INFO  o.eclipse.m2e.core.internal.Bundles - 	Entry: C:\Users\excel\Downloads\eclipse-jee-2024-12-R-win32-x86_64\eclipse\plugins\org.eclipse.m2e.maven.runtime_3.9.900.20240824-1409\jars\maven-core-3.9.9.jar
2025-12-10 15:20:00,287 [Worker-38: Launching Executing clean in C__Users_excel_OneDrive_Desktop_september_offline_backend_jdbc_project] INFO  o.eclipse.m2e.core.internal.Bundles - 	Entry: C:\Users\excel\Downloads\eclipse-jee-2024-12-R-win32-x86_64\eclipse\plugins\org.eclipse.m2e.maven.runtime_3.9.900.20240824-1409\jars\maven-embedder-3.9.9.jar
2025-12-10 15:20:00,287 [Worker-38: Launching Executing clean in C__Users_excel_OneDrive_Desktop_september_offline_backend_jdbc_project] INFO  o.eclipse.m2e.core.internal.Bundles - 	Entry: C:\Users\excel\Downloads\eclipse-jee-2024-12-R-win32-x86_64\eclipse\plugins\org.eclipse.m2e.maven.runtime_3.9.900.20240824-1409\jars\maven-model-3.9.9.jar
2025-12-10 15:20:00,287 [Worker-38: Launching Executing clean in C__Users_excel_OneDrive_Desktop_september_offline_backend_jdbc_project] INFO  o.eclipse.m2e.core.internal.Bundles - 	Entry: C:\Users\excel\Downloads\eclipse-jee-2024-12-R-win32-x86_64\eclipse\plugins\org.eclipse.m2e.maven.runtime_3.9.900.20240824-1409\jars\maven-model-builder-3.9.9.jar
2025-12-10 15:20:00,287 [Worker-38: Launching Executing clean in C__Users_excel_OneDrive_Desktop_september_offline_backend_jdbc_project] INFO  o.eclipse.m2e.core.internal.Bundles - 	Entry: C:\Users\excel\Downloads\eclipse-jee-2024-12-R-win32-x86_64\eclipse\plugins\org.eclipse.m2e.maven.runtime_3.9.900.20240824-1409\jars\maven-plugin-api-3.9.9.jar
2025-12-10 15:20:00,287 [Worker-38: Launching Executing clean in C__Users_excel_OneDrive_Desktop_september_offline_backend_jdbc_project] INFO  o.eclipse.m2e.core.internal.Bundles - 	Entry: C:\Users\excel\Downloads\eclipse-jee-2024-12-R-win32-x86_64\eclipse\plugins\org.eclipse.m2e.maven.runtime_3.9.900.20240824-1409\jars\maven-repository-metadata-3.9.9.jar
2025-12-10 15:20:00,289 [Worker-38: Launching Executing clean in C__Users_excel_OneDrive_Desktop_september_offline_backend_jdbc_project] INFO  o.eclipse.m2e.core.internal.Bundles - 	Entry: C:\Users\excel\Downloads\eclipse-jee-2024-12-R-win32-x86_64\eclipse\plugins\org.eclipse.m2e.maven.runtime_3.9.900.20240824-1409\jars\maven-resolver-api-1.9.22.jar
2025-12-10 15:20:00,289 [Worker-38: Launching Executing clean in C__Users_excel_OneDrive_Desktop_september_offline_backend_jdbc_project] INFO  o.eclipse.m2e.core.internal.Bundles - 	Entry: C:\Users\excel\Downloads\eclipse-jee-2024-12-R-win32-x86_64\eclipse\plugins\org.eclipse.m2e.maven.runtime_3.9.900.20240824-1409\jars\maven-resolver-connector-basic-1.9.22.jar
2025-12-10 15:20:00,290 [Worker-38: Launching Executing clean in C__Users_excel_OneDrive_Desktop_september_offline_backend_jdbc_project] INFO  o.eclipse.m2e.core.internal.Bundles - 	Entry: C:\Users\excel\Downloads\eclipse-jee-2024-12-R-win32-x86_64\eclipse\plugins\org.eclipse.m2e.maven.runtime_3.9.900.20240824-1409\jars\maven-resolver-impl-1.9.22.jar
2025-12-10 15:20:00,290 [Worker-38: Launching Executing clean in C__Users_excel_OneDrive_Desktop_september_offline_backend_jdbc_project] INFO  o.eclipse.m2e.core.internal.Bundles - 	Entry: C:\Users\excel\Downloads\eclipse-jee-2024-12-R-win32-x86_64\eclipse\plugins\org.eclipse.m2e.maven.runtime_3.9.900.20240824-1409\jars\maven-resolver-named-locks-1.9.22.jar
2025-12-10 15:20:00,290 [Worker-38: Launching Executing clean in C__Users_excel_OneDrive_Desktop_september_offline_backend_jdbc_project] INFO  o.eclipse.m2e.core.internal.Bundles - 	Entry: C:\Users\excel\Downloads\eclipse-jee-2024-12-R-win32-x86_64\eclipse\plugins\org.eclipse.m2e.maven.runtime_3.9.900.20240824-1409\jars\maven-resolver-provider-3.9.9.jar
2025-12-10 15:20:00,291 [Worker-38: Launching Executing clean in C__Users_excel_OneDrive_Desktop_september_offline_backend_jdbc_project] INFO  o.eclipse.m2e.core.internal.Bundles - 	Entry: C:\Users\excel\Downloads\eclipse-jee-2024-12-R-win32-x86_64\eclipse\plugins\org.eclipse.m2e.maven.runtime_3.9.900.20240824-1409\jars\maven-resolver-spi-1.9.22.jar
2025-12-10 15:20:00,291 [Worker-38: Launching Executing clean in C__Users_excel_OneDrive_Desktop_september_offline_backend_jdbc_project] INFO  o.eclipse.m2e.core.internal.Bundles - 	Entry: C:\Users\excel\Downloads\eclipse-jee-2024-12-R-win32-x86_64\eclipse\plugins\org.eclipse.m2e.maven.runtime_3.9.900.20240824-1409\jars\maven-resolver-transport-file-1.9.22.jar
2025-12-10 15:20:00,292 [Worker-38: Launching Executing clean in C__Users_excel_OneDrive_Desktop_september_offline_backend_jdbc_project] INFO  o.eclipse.m2e.core.internal.Bundles - 	Entry: C:\Users\excel\Downloads\eclipse-jee-2024-12-R-win32-x86_64\eclipse\plugins\org.eclipse.m2e.maven.runtime_3.9.900.20240824-1409\jars\maven-resolver-transport-http-1.9.22.jar
2025-12-10 15:20:00,292 [Worker-38: Launching Executing clean in C__Users_excel_OneDrive_Desktop_september_offline_backend_jdbc_project] INFO  o.eclipse.m2e.core.internal.Bundles - 	Entry: C:\Users\excel\Downloads\eclipse-jee-2024-12-R-win32-x86_64\eclipse\plugins\org.eclipse.m2e.maven.runtime_3.9.900.20240824-1409\jars\maven-resolver-transport-wagon-1.9.22.jar
2025-12-10 15:20:00,292 [Worker-38: Launching Executing clean in C__Users_excel_OneDrive_Desktop_september_offline_backend_jdbc_project] INFO  o.eclipse.m2e.core.internal.Bundles - 	Entry: C:\Users\excel\Downloads\eclipse-jee-2024-12-R-win32-x86_64\eclipse\plugins\org.eclipse.m2e.maven.runtime_3.9.900.20240824-1409\jars\maven-resolver-util-1.9.22.jar
2025-12-10 15:20:00,293 [Worker-38: Launching Executing clean in C__Users_excel_OneDrive_Desktop_september_offline_backend_jdbc_project] INFO  o.eclipse.m2e.core.internal.Bundles - 	Entry: C:\Users\excel\Downloads\eclipse-jee-2024-12-R-win32-x86_64\eclipse\plugins\org.eclipse.m2e.maven.runtime_3.9.900.20240824-1409\jars\maven-settings-3.9.9.jar
2025-12-10 15:20:00,293 [Worker-38: Launching Executing clean in C__Users_excel_OneDrive_Desktop_september_offline_backend_jdbc_project] INFO  o.eclipse.m2e.core.internal.Bundles - 	Entry: C:\Users\excel\Downloads\eclipse-jee-2024-12-R-win32-x86_64\eclipse\plugins\org.eclipse.m2e.maven.runtime_3.9.900.20240824-1409\jars\maven-settings-builder-3.9.9.jar
2025-12-10 15:20:00,293 [Worker-38: Launching Executing clean in C__Users_excel_OneDrive_Desktop_september_offline_backend_jdbc_project] INFO  o.eclipse.m2e.core.internal.Bundles - 	Entry: C:\Users\excel\Downloads\eclipse-jee-2024-12-R-win32-x86_64\eclipse\plugins\org.eclipse.m2e.maven.runtime_3.9.900.20240824-1409\jars\maven-shared-utils-3.4.2.jar
2025-12-10 15:20:00,294 [Worker-38: Launching Executing clean in C__Users_excel_OneDrive_Desktop_september_offline_backend_jdbc_project] INFO  o.eclipse.m2e.core.internal.Bundles - 	Entry: C:\Users\excel\Downloads\eclipse-jee-2024-12-R-win32-x86_64\eclipse\plugins\org.eclipse.m2e.maven.runtime_3.9.900.20240824-1409\jars\org.eclipse.sisu.inject-0.9.0.M3.jar
2025-12-10 15:20:00,294 [Worker-38: Launching Executing clean in C__Users_excel_OneDrive_Desktop_september_offline_backend_jdbc_project] INFO  o.eclipse.m2e.core.internal.Bundles - 	Entry: C:\Users\excel\Downloads\eclipse-jee-2024-12-R-win32-x86_64\eclipse\plugins\org.eclipse.m2e.maven.runtime_3.9.900.20240824-1409\jars\org.eclipse.sisu.plexus-0.9.0.M3.jar
2025-12-10 15:20:00,295 [Worker-38: Launching Executing clean in C__Users_excel_OneDrive_Desktop_september_offline_backend_jdbc_project] INFO  o.eclipse.m2e.core.internal.Bundles - 	Entry: C:\Users\excel\Downloads\eclipse-jee-2024-12-R-win32-x86_64\eclipse\plugins\org.eclipse.m2e.maven.runtime_3.9.900.20240824-1409\jars\plexus-build-api-0.0.7.jar
2025-12-10 15:20:00,295 [Worker-38: Launching Executing clean in C__Users_excel_OneDrive_Desktop_september_offline_backend_jdbc_project] INFO  o.eclipse.m2e.core.internal.Bundles - 	Entry: C:\Users\excel\Downloads\eclipse-jee-2024-12-R-win32-x86_64\eclipse\plugins\org.eclipse.m2e.maven.runtime_3.9.900.20240824-1409\jars\plexus-build-api-1.2.0.jar
2025-12-10 15:20:00,295 [Worker-38: Launching Executing clean in C__Users_excel_OneDrive_Desktop_september_offline_backend_jdbc_project] INFO  o.eclipse.m2e.core.internal.Bundles - 	Entry: C:\Users\excel\Downloads\eclipse-jee-2024-12-R-win32-x86_64\eclipse\plugins\org.eclipse.m2e.maven.runtime_3.9.900.20240824-1409\jars\plexus-cipher-2.0.jar
2025-12-10 15:20:00,295 [Worker-38: Launching Executing clean in C__Users_excel_OneDrive_Desktop_september_offline_backend_jdbc_project] INFO  o.eclipse.m2e.core.internal.Bundles - 	Entry: C:\Users\excel\Downloads\eclipse-jee-2024-12-R-win32-x86_64\eclipse\plugins\org.eclipse.m2e.maven.runtime_3.9.900.20240824-1409\jars\plexus-classworlds-2.8.0.jar
2025-12-10 15:20:00,296 [Worker-38: Launching Executing clean in C__Users_excel_OneDrive_Desktop_september_offline_backend_jdbc_project] INFO  o.eclipse.m2e.core.internal.Bundles - 	Entry: C:\Users\excel\Downloads\eclipse-jee-2024-12-R-win32-x86_64\eclipse\plugins\org.eclipse.m2e.maven.runtime_3.9.900.20240824-1409\jars\plexus-component-annotations-2.1.0.jar
2025-12-10 15:20:00,296 [Worker-38: Launching Executing clean in C__Users_excel_OneDrive_Desktop_september_offline_backend_jdbc_project] INFO  o.eclipse.m2e.core.internal.Bundles - 	Entry: C:\Users\excel\Downloads\eclipse-jee-2024-12-R-win32-x86_64\eclipse\plugins\org.eclipse.m2e.maven.runtime_3.9.900.20240824-1409\jars\plexus-interpolation-1.27.jar
2025-12-10 15:20:00,296 [Worker-38: Launching Executing clean in C__Users_excel_OneDrive_Desktop_september_offline_backend_jdbc_project] INFO  o.eclipse.m2e.core.internal.Bundles - 	Entry: C:\Users\excel\Downloads\eclipse-jee-2024-12-R-win32-x86_64\eclipse\plugins\org.eclipse.m2e.maven.runtime_3.9.900.20240824-1409\jars\plexus-sec-dispatcher-2.0.jar
2025-12-10 15:20:00,297 [Worker-38: Launching Executing clean in C__Users_excel_OneDrive_Desktop_september_offline_backend_jdbc_project] INFO  o.eclipse.m2e.core.internal.Bundles - 	Entry: C:\Users\excel\Downloads\eclipse-jee-2024-12-R-win32-x86_64\eclipse\plugins\org.eclipse.m2e.maven.runtime_3.9.900.20240824-1409\jars\plexus-utils-3.5.1.jar
2025-12-10 15:20:00,297 [Worker-38: Launching Executing clean in C__Users_excel_OneDrive_Desktop_september_offline_backend_jdbc_project] INFO  o.eclipse.m2e.core.internal.Bundles - 	Entry: C:\Users\excel\Downloads\eclipse-jee-2024-12-R-win32-x86_64\eclipse\plugins\org.eclipse.m2e.maven.runtime_3.9.900.20240824-1409\jars\plexus-xml-3.0.1.jar
2025-12-10 15:20:00,297 [Worker-38: Launching Executing clean in C__Users_excel_OneDrive_Desktop_september_offline_backend_jdbc_project] INFO  o.eclipse.m2e.core.internal.Bundles - 	Entry: C:\Users\excel\Downloads\eclipse-jee-2024-12-R-win32-x86_64\eclipse\plugins\org.eclipse.m2e.maven.runtime_3.9.900.20240824-1409\jars\wagon-file-3.5.3.jar
2025-12-10 15:20:00,297 [Worker-38: Launching Executing clean in C__Users_excel_OneDrive_Desktop_september_offline_backend_jdbc_project] INFO  o.eclipse.m2e.core.internal.Bundles - 	Entry: C:\Users\excel\Downloads\eclipse-jee-2024-12-R-win32-x86_64\eclipse\plugins\org.eclipse.m2e.maven.runtime_3.9.900.20240824-1409\jars\wagon-http-3.5.3.jar
2025-12-10 15:20:00,299 [Worker-38: Launching Executing clean in C__Users_excel_OneDrive_Desktop_september_offline_backend_jdbc_project] INFO  o.eclipse.m2e.core.internal.Bundles - 	Entry: C:\Users\excel\Downloads\eclipse-jee-2024-12-R-win32-x86_64\eclipse\plugins\org.eclipse.m2e.maven.runtime_3.9.900.20240824-1409\jars\wagon-http-shared-3.5.3.jar
2025-12-10 15:20:00,299 [Worker-38: Launching Executing clean in C__Users_excel_OneDrive_Desktop_september_offline_backend_jdbc_project] INFO  o.eclipse.m2e.core.internal.Bundles - 	Entry: C:\Users\excel\Downloads\eclipse-jee-2024-12-R-win32-x86_64\eclipse\plugins\org.eclipse.m2e.maven.runtime_3.9.900.20240824-1409\jars\wagon-provider-api-3.5.3.jar
2025-12-10 15:20:00,301 [Worker-38: Launching Executing clean in C__Users_excel_OneDrive_Desktop_september_offline_backend_jdbc_project] INFO  o.eclipse.m2e.core.internal.Bundles - getClasspathEntries(Bundle=com.google.guava_33.3.1.jre [16])
2025-12-10 15:20:00,302 [Worker-38: Launching Executing clean in C__Users_excel_OneDrive_Desktop_september_offline_backend_jdbc_project] INFO  o.eclipse.m2e.core.internal.Bundles - 	Entry: C:\Users\excel\Downloads\eclipse-jee-2024-12-R-win32-x86_64\eclipse\plugins\com.google.guava_33.3.1.jre.jar
2025-12-10 15:20:00,302 [Worker-38: Launching Executing clean in C__Users_excel_OneDrive_Desktop_september_offline_backend_jdbc_project] INFO  o.eclipse.m2e.core.internal.Bundles - getClasspathEntries(Bundle=slf4j.api_2.0.16 [1008])
2025-12-10 15:20:00,302 [Worker-38: Launching Executing clean in C__Users_excel_OneDrive_Desktop_september_offline_backend_jdbc_project] INFO  o.eclipse.m2e.core.internal.Bundles - 	Entry: C:\Users\excel\Downloads\eclipse-jee-2024-12-R-win32-x86_64\eclipse\plugins\slf4j.api_2.0.16.jar
2025-12-10 15:20:00,302 [Worker-38: Launching Executing clean in C__Users_excel_OneDrive_Desktop_september_offline_backend_jdbc_project] INFO  o.eclipse.m2e.core.internal.Bundles - getClasspathEntries(Bundle=jakarta.inject.jakarta.inject-api_1.0.5 [34])
2025-12-10 15:20:00,303 [Worker-38: Launching Executing clean in C__Users_excel_OneDrive_Desktop_september_offline_backend_jdbc_project] INFO  o.eclipse.m2e.core.internal.Bundles - 	Entry: C:\Users\excel\Downloads\eclipse-jee-2024-12-R-win32-x86_64\eclipse\plugins\jakarta.inject.jakarta.inject-api_1.0.5.jar
2025-12-10 15:20:00,303 [Worker-38: Launching Executing clean in C__Users_excel_OneDrive_Desktop_september_offline_backend_jdbc_project] INFO  o.eclipse.m2e.core.internal.Bundles - getClasspathEntries(Bundle=jakarta.annotation-api_1.3.5 [29])
2025-12-10 15:20:00,304 [Worker-38: Launching Executing clean in C__Users_excel_OneDrive_Desktop_september_offline_backend_jdbc_project] INFO  o.eclipse.m2e.core.internal.Bundles - 	Entry: C:\Users\excel\Downloads\eclipse-jee-2024-12-R-win32-x86_64\eclipse\plugins\jakarta.annotation-api_1.3.5.jar
2025-12-10 15:20:00,304 [Worker-38: Launching Executing clean in C__Users_excel_OneDrive_Desktop_september_offline_backend_jdbc_project] INFO  o.eclipse.m2e.core.internal.Bundles - getClasspathEntries(Bundle=org.apache.commons.cli_1.9.0 [75])
2025-12-10 15:20:00,304 [Worker-38: Launching Executing clean in C__Users_excel_OneDrive_Desktop_september_offline_backend_jdbc_project] INFO  o.eclipse.m2e.core.internal.Bundles - 	Entry: C:\Users\excel\Downloads\eclipse-jee-2024-12-R-win32-x86_64\eclipse\plugins\org.apache.commons.cli_1.9.0.jar
2025-12-10 15:20:00,304 [Worker-38: Launching Executing clean in C__Users_excel_OneDrive_Desktop_september_offline_backend_jdbc_project] INFO  o.eclipse.m2e.core.internal.Bundles - getClasspathEntries(Bundle=org.apache.commons.commons-codec_1.16.0 [78])
2025-12-10 15:20:00,304 [Worker-38: Launching Executing clean in C__Users_excel_OneDrive_Desktop_september_offline_backend_jdbc_project] INFO  o.eclipse.m2e.core.internal.Bundles - 	Entry: C:\Users\excel\Downloads\eclipse-jee-2024-12-R-win32-x86_64\eclipse\plugins\org.apache.commons.commons-codec_1.16.0.jar
2025-12-10 15:20:00,304 [Worker-38: Launching Executing clean in C__Users_excel_OneDrive_Desktop_september_offline_backend_jdbc_project] INFO  o.eclipse.m2e.core.internal.Bundles - getClasspathEntries(Bundle=com.google.guava.failureaccess_1.0.2 [17])
2025-12-10 15:20:00,305 [Worker-38: Launching Executing clean in C__Users_excel_OneDrive_Desktop_september_offline_backend_jdbc_project] INFO  o.eclipse.m2e.core.internal.Bundles - 	Entry: C:\Users\excel\Downloads\eclipse-jee-2024-12-R-win32-x86_64\eclipse\plugins\com.google.guava.failureaccess_1.0.2.jar
2025-12-10 15:20:00,310 [Worker-38: Launching Executing clean in C__Users_excel_OneDrive_Desktop_september_offline_backend_jdbc_project] INFO  o.e.m.i.launch.MavenLaunchDelegate - Run build in "C:\Users\excel\OneDrive\Desktop\september_offline\backend\jdbc_project":
2025-12-10 15:20:00,314 [Worker-38: Launching Executing clean in C__Users_excel_OneDrive_Desktop_september_offline_backend_jdbc_project] INFO  o.e.m.i.launch.MavenLaunchDelegate -  mvn  -B -Dstyle.color=always clean
2025-12-10 15:20:37,475 [Worker-36: Building] INFO  o.a.m.s.f.DefaultMavenResourcesFiltering - Copying 0 resource from src\main\resources to target\classes
2025-12-10 15:20:37,480 [Worker-36: Building] INFO  o.a.m.s.f.DefaultMavenResourcesFiltering - skip non existing resourceDirectory C:\Users\excel\OneDrive\Desktop\september_offline\backend\jdbc_project\src\test\resources
2025-12-10 15:20:46,452 [Worker-39: Building] INFO  o.a.m.s.f.DefaultMavenResourcesFiltering - Copying 0 resource from src\main\resources to target\classes
2025-12-10 15:20:46,458 [Worker-39: Building] INFO  o.a.m.s.f.DefaultMavenResourcesFiltering - skip non existing resourceDirectory C:\Users\excel\OneDrive\Desktop\september_offline\backend\jdbc_project\src\test\resources
2025-12-10 15:21:58,747 [Worker-37: Building] INFO  o.a.m.s.f.DefaultMavenResourcesFiltering - Copying 0 resource from src\main\resources to target\classes
2025-12-10 15:21:58,750 [Worker-37: Building] INFO  o.a.m.s.f.DefaultMavenResourcesFiltering - skip non existing resourceDirectory C:\Users\excel\OneDrive\Desktop\september_offline\backend\jdbc_project\src\test\resources
2025-12-10 15:25:04,165 [Worker-36: Building] INFO  o.a.m.s.f.DefaultMavenResourcesFiltering - Copying 0 resource from src\main\resources to target\classes
2025-12-10 15:25:04,177 [Worker-36: Building] INFO  o.a.m.s.f.DefaultMavenResourcesFiltering - Copying 0 resource from src\test\resources to target\test-classes
2025-12-10 15:25:33,105 [Worker-34: Building] INFO  o.a.m.s.f.DefaultMavenResourcesFiltering - Copying 0 resource from src\main\resources to target\classes
2025-12-10 15:25:33,112 [Worker-34: Building] INFO  o.a.m.s.f.DefaultMavenResourcesFiltering - Copying 0 resource from src\test\resources to target\test-classes
2025-12-10 15:35:55,149 [Worker-45: Launching InsertData] INFO  o.a.m.s.f.DefaultMavenResourcesFiltering - Copying 0 resource from src\main\resources to target\classes
2025-12-10 15:35:55,161 [Worker-45: Launching InsertData] INFO  o.a.m.s.f.DefaultMavenResourcesFiltering - Copying 0 resource from src\test\resources to target\test-classes
2025-12-10 15:36:12,966 [Worker-47: Launching InsertData] INFO  o.a.m.s.f.DefaultMavenResourcesFiltering - Copying 0 resource from src\main\resources to target\classes
2025-12-10 15:36:12,975 [Worker-47: Launching InsertData] INFO  o.a.m.s.f.DefaultMavenResourcesFiltering - Copying 0 resource from src\test\resources to target\test-classes
2025-12-10 15:36:43,032 [Worker-45: Building] INFO  o.a.m.s.f.DefaultMavenResourcesFiltering - Copying 0 resource from src\main\resources to target\classes
2025-12-10 15:36:43,034 [Worker-45: Building] INFO  o.a.m.s.f.DefaultMavenResourcesFiltering - Copying 0 resource from src\test\resources to target\test-classes
2025-12-10 15:36:47,194 [Worker-47: Building] INFO  o.a.m.s.f.DefaultMavenResourcesFiltering - Copying 0 resource from src\main\resources to target\classes
2025-12-10 15:36:47,199 [Worker-47: Building] INFO  o.a.m.s.f.DefaultMavenResourcesFiltering - Copying 0 resource from src\test\resources to target\test-classes
2025-12-10 15:37:22,931 [Worker-41: Launching InsertData] INFO  o.a.m.s.f.DefaultMavenResourcesFiltering - Copying 0 resource from src\main\resources to target\classes
2025-12-10 15:37:22,938 [Worker-41: Launching InsertData] INFO  o.a.m.s.f.DefaultMavenResourcesFiltering - Copying 0 resource from src\test\resources to target\test-classes
2025-12-10 15:37:59,088 [Worker-44: Launching InsertData] INFO  o.a.m.s.f.DefaultMavenResourcesFiltering - Copying 0 resource from src\main\resources to target\classes
2025-12-10 15:37:59,094 [Worker-44: Launching InsertData] INFO  o.a.m.s.f.DefaultMavenResourcesFiltering - Copying 0 resource from src\test\resources to target\test-classes
2025-12-10 16:07:44,553 [Worker-45: Building] INFO  o.a.m.s.f.DefaultMavenResourcesFiltering - Copying 0 resource from src\main\resources to target\classes
2025-12-10 16:07:44,562 [Worker-45: Building] INFO  o.a.m.s.f.DefaultMavenResourcesFiltering - Copying 0 resource from src\test\resources to target\test-classes
2025-12-10 16:38:07,604 [Worker-64: Building] INFO  o.a.m.s.f.DefaultMavenResourcesFiltering - Copying 0 resource from src\main\resources to target\classes
2025-12-10 16:38:07,613 [Worker-64: Building] INFO  o.a.m.s.f.DefaultMavenResourcesFiltering - Copying 0 resource from src\test\resources to target\test-classes
2025-12-10 16:38:16,558 [Worker-64: Building] INFO  o.a.m.s.f.DefaultMavenResourcesFiltering - Copying 0 resource from src\main\resources to target\classes
2025-12-10 16:38:16,563 [Worker-64: Building] INFO  o.a.m.s.f.DefaultMavenResourcesFiltering - Copying 0 resource from src\test\resources to target\test-classes
2025-12-10 16:38:26,265 [Worker-63: Building] INFO  o.a.m.s.f.DefaultMavenResourcesFiltering - Copying 0 resource from src\main\resources to target\classes
2025-12-10 16:38:26,274 [Worker-63: Building] INFO  o.a.m.s.f.DefaultMavenResourcesFiltering - Copying 0 resource from src\test\resources to target\test-classes
2025-12-10 16:38:33,370 [Worker-63: Building] INFO  o.a.m.s.f.DefaultMavenResourcesFiltering - Copying 0 resource from src\main\resources to target\classes
2025-12-10 16:38:33,377 [Worker-63: Building] INFO  o.a.m.s.f.DefaultMavenResourcesFiltering - Copying 0 resource from src\test\resources to target\test-classes
2025-12-10 16:42:12,251 [Worker-68: Building] INFO  o.a.m.s.f.DefaultMavenResourcesFiltering - Copying 0 resource from src\main\resources to target\classes
2025-12-10 16:42:12,257 [Worker-68: Building] INFO  o.a.m.s.f.DefaultMavenResourcesFiltering - Copying 0 resource from src\test\resources to target\test-classes
2025-12-10 16:43:49,557 [Worker-66: Building] INFO  o.a.m.s.f.DefaultMavenResourcesFiltering - Copying 0 resource from src\main\resources to target\classes
2025-12-10 16:43:49,567 [Worker-66: Building] INFO  o.a.m.s.f.DefaultMavenResourcesFiltering - Copying 0 resource from src\test\resources to target\test-classes
2025-12-10 16:51:45,333 [Worker-73: Launching DynamicInsert] INFO  o.a.m.s.f.DefaultMavenResourcesFiltering - Copying 0 resource from src\main\resources to target\classes
2025-12-10 16:51:45,340 [Worker-73: Launching DynamicInsert] INFO  o.a.m.s.f.DefaultMavenResourcesFiltering - Copying 0 resource from src\test\resources to target\test-classes
2025-12-10 16:52:51,257 [Worker-75: Building] INFO  o.a.m.s.f.DefaultMavenResourcesFiltering - Copying 0 resource from src\main\resources to target\classes
2025-12-10 16:52:51,268 [Worker-75: Building] INFO  o.a.m.s.f.DefaultMavenResourcesFiltering - Copying 0 resource from src\test\resources to target\test-classes
2025-12-10 16:54:35,658 [Worker-70: Launching DynamicInsert] INFO  o.a.m.s.f.DefaultMavenResourcesFiltering - Copying 0 resource from src\main\resources to target\classes
2025-12-10 16:54:35,663 [Worker-70: Launching DynamicInsert] INFO  o.a.m.s.f.DefaultMavenResourcesFiltering - Copying 0 resource from src\test\resources to target\test-classes
2025-12-10 16:55:30,967 [Worker-71: Building] INFO  o.a.m.s.f.DefaultMavenResourcesFiltering - Copying 0 resource from src\main\resources to target\classes
2025-12-10 16:55:30,975 [Worker-71: Building] INFO  o.a.m.s.f.DefaultMavenResourcesFiltering - Copying 0 resource from src\test\resources to target\test-classes
2025-12-10 16:56:29,272 [Worker-75: Building] INFO  o.a.m.s.f.DefaultMavenResourcesFiltering - Copying 0 resource from src\main\resources to target\classes
2025-12-10 16:56:29,280 [Worker-75: Building] INFO  o.a.m.s.f.DefaultMavenResourcesFiltering - Copying 0 resource from src\test\resources to target\test-classes
2025-12-11 14:04:10,734 [Worker-7: Loading available Gradle versions] INFO  o.e.b.c.i.u.g.PublishedGradleVersions - Gradle version information cache is up-to-date. Trying to read.
2025-12-11 14:12:21,181 [Worker-29: Building] INFO  o.a.m.s.f.DefaultMavenResourcesFiltering - Copying 0 resource from src\main\resources to target\classes
2025-12-11 14:12:21,188 [Worker-29: Building] INFO  o.a.m.s.f.DefaultMavenResourcesFiltering - Copying 0 resource from src\test\resources to target\test-classes
2025-12-11 14:14:29,246 [Worker-31: Building] INFO  o.a.m.s.f.DefaultMavenResourcesFiltering - Copying 0 resource from src\main\resources to target\classes
2025-12-11 14:14:29,251 [Worker-31: Building] INFO  o.a.m.s.f.DefaultMavenResourcesFiltering - Copying 0 resource from src\test\resources to target\test-classes
2025-12-11 14:16:21,508 [Worker-30: Building] INFO  o.a.m.s.f.DefaultMavenResourcesFiltering - Copying 0 resource from src\main\resources to target\classes
2025-12-11 14:16:21,512 [Worker-30: Building] INFO  o.a.m.s.f.DefaultMavenResourcesFiltering - Copying 0 resource from src\test\resources to target\test-classes
2025-12-11 14:16:23,205 [Worker-30: Building] INFO  o.a.m.s.f.DefaultMavenResourcesFiltering - Copying 0 resource from src\main\resources to target\classes
2025-12-11 14:16:23,210 [Worker-30: Building] INFO  o.a.m.s.f.DefaultMavenResourcesFiltering - Copying 0 resource from src\test\resources to target\test-classes
2025-12-11 14:16:25,943 [Worker-4: Building] INFO  o.a.m.s.f.DefaultMavenResourcesFiltering - Copying 0 resource from src\main\resources to target\classes
2025-12-11 14:16:25,947 [Worker-4: Building] INFO  o.a.m.s.f.DefaultMavenResourcesFiltering - Copying 0 resource from src\test\resources to target\test-classes
2025-12-11 14:18:02,323 [Worker-31: Building] INFO  o.a.m.s.f.DefaultMavenResourcesFiltering - Copying 0 resource from src\main\resources to target\classes
2025-12-11 14:18:02,329 [Worker-31: Building] INFO  o.a.m.s.f.DefaultMavenResourcesFiltering - Copying 0 resource from src\test\resources to target\test-classes
2025-12-11 14:20:30,885 [Worker-13: Building] INFO  o.a.m.s.f.DefaultMavenResourcesFiltering - Copying 0 resource from src\main\resources to target\classes
2025-12-11 14:20:30,896 [Worker-13: Building] INFO  o.a.m.s.f.DefaultMavenResourcesFiltering - Copying 0 resource from src\test\resources to target\test-classes
2025-12-11 14:47:44,237 [Worker-42: Building] INFO  o.a.m.s.f.DefaultMavenResourcesFiltering - Copying 0 resource from src\main\resources to target\classes
2025-12-11 14:47:44,243 [Worker-42: Building] INFO  o.a.m.s.f.DefaultMavenResourcesFiltering - Copying 0 resource from src\test\resources to target\test-classes
2025-12-11 14:51:20,446 [Worker-42: Building] INFO  o.a.m.s.f.DefaultMavenResourcesFiltering - Copying 0 resource from src\main\resources to target\classes
2025-12-11 14:51:20,449 [Worker-42: Building] INFO  o.a.m.s.f.DefaultMavenResourcesFiltering - Copying 0 resource from src\test\resources to target\test-classes
2025-12-11 14:52:08,775 [Worker-44: Building] INFO  o.a.m.s.f.DefaultMavenResourcesFiltering - Copying 0 resource from src\main\resources to target\classes
2025-12-11 14:52:08,781 [Worker-44: Building] INFO  o.a.m.s.f.DefaultMavenResourcesFiltering - Copying 0 resource from src\test\resources to target\test-classes
2025-12-11 14:52:38,787 [Worker-44: Launching FetchRecords] INFO  o.a.m.s.f.DefaultMavenResourcesFiltering - Copying 0 resource from src\main\resources to target\classes
2025-12-11 14:52:38,790 [Worker-44: Launching FetchRecords] INFO  o.a.m.s.f.DefaultMavenResourcesFiltering - Copying 0 resource from src\test\resources to target\test-classes
2025-12-11 14:53:06,123 [Worker-42: Building] INFO  o.a.m.s.f.DefaultMavenResourcesFiltering - Copying 0 resource from src\main\resources to target\classes
2025-12-11 14:53:06,127 [Worker-42: Building] INFO  o.a.m.s.f.DefaultMavenResourcesFiltering - Copying 0 resource from src\test\resources to target\test-classes
2025-12-11 14:56:10,076 [Worker-42: Building] INFO  o.a.m.s.f.DefaultMavenResourcesFiltering - Copying 0 resource from src\main\resources to target\classes
2025-12-11 14:56:10,078 [Worker-42: Building] INFO  o.a.m.s.f.DefaultMavenResourcesFiltering - Copying 0 resource from src\test\resources to target\test-classes
2025-12-11 14:56:47,206 [Worker-40: Building] INFO  o.a.m.s.f.DefaultMavenResourcesFiltering - Copying 0 resource from src\main\resources to target\classes
2025-12-11 14:56:47,208 [Worker-40: Building] INFO  o.a.m.s.f.DefaultMavenResourcesFiltering - Copying 0 resource from src\test\resources to target\test-classes
2025-12-11 14:57:33,058 [Worker-41: Building] INFO  o.a.m.s.f.DefaultMavenResourcesFiltering - Copying 0 resource from src\main\resources to target\classes
2025-12-11 14:57:33,062 [Worker-41: Building] INFO  o.a.m.s.f.DefaultMavenResourcesFiltering - Copying 0 resource from src\test\resources to target\test-classes
2025-12-11 15:01:22,955 [Worker-40: Building] INFO  o.a.m.s.f.DefaultMavenResourcesFiltering - Copying 0 resource from src\main\resources to target\classes
